nohup: ignoring input
[dotenv@17.2.1] injecting env (9) from .env -- tip: 🛠️  run anywhere with `dotenvx run -- yourcommand`
🚀 Starting Leaderboard Event Listener...
PlayGame Contract: 0xCf7Ed3AccA5a467e9e704C703E8D87F634fB0Fc9
TokenStore Contract: 0x9fE46736679d2D9a65F0992F2272dE9f3c7fa6e0
✅ Leaderboard service initialized and listening for events...
📊 Leaderboard API listening on port 3001
Health check: http://localhost:3001/health
Leaderboard: http://localhost:3001/leaderboard
Events: http://localhost:3001/events
Stats: http://localhost:3001/stats
⚔️ Match Created: 1 between 0xf39Fd6e51aad88F6F4ce6aB8827279cffFb92266 and 0x70997970C51812dc3A010C7d01b50e0d17dc79C8 with stake 10.0 GT
🎯 Player Staked: 0xf39Fd6e51aad88F6F4ce6aB8827279cffFb92266 staked in match 1
@TODO TypeError: results is not iterable
    at FilterIdEventSubscriber._emitResults (/home/utkarsh/Sector7/node_modules/ethers/lib.commonjs/providers/subscriber-filterid.js:158:30)
    at #poll (/home/utkarsh/Sector7/node_modules/ethers/lib.commonjs/providers/subscriber-filterid.js:91:24)
    at process.processTicksAndRejections (node:internal/process/task_queues:95:5)
@TODO TypeError: results is not iterable
    at FilterIdEventSubscriber._emitResults (/home/utkarsh/Sector7/node_modules/ethers/lib.commonjs/providers/subscriber-filterid.js:158:30)
    at #poll (/home/utkarsh/Sector7/node_modules/ethers/lib.commonjs/providers/subscriber-filterid.js:91:24)
    at process.processTicksAndRejections (node:internal/process/task_queues:95:5)
@TODO TypeError: results is not iterable
    at FilterIdEventSubscriber._emitResults (/home/utkarsh/Sector7/node_modules/ethers/lib.commonjs/providers/subscriber-filterid.js:158:30)
    at #poll (/home/utkarsh/Sector7/node_modules/ethers/lib.commonjs/providers/subscriber-filterid.js:91:24)
    at process.processTicksAndRejections (node:internal/process/task_queues:95:5)
@TODO TypeError: results is not iterable
    at FilterIdEventSubscriber._emitResults (/home/utkarsh/Sector7/node_modules/ethers/lib.commonjs/providers/subscriber-filterid.js:158:30)
    at #poll (/home/utkarsh/Sector7/node_modules/ethers/lib.commonjs/providers/subscriber-filterid.js:91:24)
    at process.processTicksAndRejections (node:internal/process/task_queues:95:5)
@TODO TypeError: results is not iterable
    at FilterIdEventSubscriber._emitResults (/home/utkarsh/Sector7/node_modules/ethers/lib.commonjs/providers/subscriber-filterid.js:158:30)
    at #poll (/home/utkarsh/Sector7/node_modules/ethers/lib.commonjs/providers/subscriber-filterid.js:91:24)
    at process.processTicksAndRejections (node:internal/process/task_queues:95:5)
@TODO TypeError: results is not iterable
    at FilterIdEventSubscriber._emitResults (/home/utkarsh/Sector7/node_modules/ethers/lib.commonjs/providers/subscriber-filterid.js:158:30)
    at #poll (/home/utkarsh/Sector7/node_modules/ethers/lib.commonjs/providers/subscriber-filterid.js:91:24)
    at process.processTicksAndRejections (node:internal/process/task_queues:95:5)
@TODO TypeError: results is not iterable
    at FilterIdEventSubscriber._emitResults (/home/utkarsh/Sector7/node_modules/ethers/lib.commonjs/providers/subscriber-filterid.js:158:30)
    at #poll (/home/utkarsh/Sector7/node_modules/ethers/lib.commonjs/providers/subscriber-filterid.js:91:24)
    at process.processTicksAndRejections (node:internal/process/task_queues:95:5)
@TODO TypeError: results is not iterable
    at FilterIdEventSubscriber._emitResults (/home/utkarsh/Sector7/node_modules/ethers/lib.commonjs/providers/subscriber-filterid.js:158:30)
    at #poll (/home/utkarsh/Sector7/node_modules/ethers/lib.commonjs/providers/subscriber-filterid.js:91:24)
    at process.processTicksAndRejections (node:internal/process/task_queues:95:5)
@TODO TypeError: results is not iterable
    at FilterIdEventSubscriber._emitResults (/home/utkarsh/Sector7/node_modules/ethers/lib.commonjs/providers/subscriber-filterid.js:158:30)
    at #poll (/home/utkarsh/Sector7/node_modules/ethers/lib.commonjs/providers/subscriber-filterid.js:91:24)
    at process.processTicksAndRejections (node:internal/process/task_queues:95:5)
@TODO TypeError: results is not iterable
    at FilterIdEventSubscriber._emitResults (/home/utkarsh/Sector7/node_modules/ethers/lib.commonjs/providers/subscriber-filterid.js:158:30)
    at #poll (/home/utkarsh/Sector7/node_modules/ethers/lib.commonjs/providers/subscriber-filterid.js:91:24)
    at process.processTicksAndRejections (node:internal/process/task_queues:95:5)
@TODO TypeError: results is not iterable
    at FilterIdEventSubscriber._emitResults (/home/utkarsh/Sector7/node_modules/ethers/lib.commonjs/providers/subscriber-filterid.js:158:30)
    at #poll (/home/utkarsh/Sector7/node_modules/ethers/lib.commonjs/providers/subscriber-filterid.js:91:24)
    at process.processTicksAndRejections (node:internal/process/task_queues:95:5)
@TODO TypeError: results is not iterable
    at FilterIdEventSubscriber._emitResults (/home/utkarsh/Sector7/node_modules/ethers/lib.commonjs/providers/subscriber-filterid.js:158:30)
    at #poll (/home/utkarsh/Sector7/node_modules/ethers/lib.commonjs/providers/subscriber-filterid.js:91:24)
    at process.processTicksAndRejections (node:internal/process/task_queues:95:5)
@TODO TypeError: results is not iterable
    at FilterIdEventSubscriber._emitResults (/home/utkarsh/Sector7/node_modules/ethers/lib.commonjs/providers/subscriber-filterid.js:158:30)
    at #poll (/home/utkarsh/Sector7/node_modules/ethers/lib.commonjs/providers/subscriber-filterid.js:91:24)
    at process.processTicksAndRejections (node:internal/process/task_queues:95:5)
@TODO TypeError: results is not iterable
    at FilterIdEventSubscriber._emitResults (/home/utkarsh/Sector7/node_modules/ethers/lib.commonjs/providers/subscriber-filterid.js:158:30)
    at #poll (/home/utkarsh/Sector7/node_modules/ethers/lib.commonjs/providers/subscriber-filterid.js:91:24)
    at process.processTicksAndRejections (node:internal/process/task_queues:95:5)
@TODO TypeError: results is not iterable
    at FilterIdEventSubscriber._emitResults (/home/utkarsh/Sector7/node_modules/ethers/lib.commonjs/providers/subscriber-filterid.js:158:30)
    at #poll (/home/utkarsh/Sector7/node_modules/ethers/lib.commonjs/providers/subscriber-filterid.js:91:24)
    at process.processTicksAndRejections (node:internal/process/task_queues:95:5)
@TODO TypeError: results is not iterable
    at FilterIdEventSubscriber._emitResults (/home/utkarsh/Sector7/node_modules/ethers/lib.commonjs/providers/subscriber-filterid.js:158:30)
    at #poll (/home/utkarsh/Sector7/node_modules/ethers/lib.commonjs/providers/subscriber-filterid.js:91:24)
    at process.processTicksAndRejections (node:internal/process/task_queues:95:5)
@TODO TypeError: results is not iterable
    at FilterIdEventSubscriber._emitResults (/home/utkarsh/Sector7/node_modules/ethers/lib.commonjs/providers/subscriber-filterid.js:158:30)
    at #poll (/home/utkarsh/Sector7/node_modules/ethers/lib.commonjs/providers/subscriber-filterid.js:91:24)
    at process.processTicksAndRejections (node:internal/process/task_queues:95:5)
@TODO TypeError: results is not iterable
    at FilterIdEventSubscriber._emitResults (/home/utkarsh/Sector7/node_modules/ethers/lib.commonjs/providers/subscriber-filterid.js:158:30)
    at #poll (/home/utkarsh/Sector7/node_modules/ethers/lib.commonjs/providers/subscriber-filterid.js:91:24)
    at process.processTicksAndRejections (node:internal/process/task_queues:95:5)
@TODO TypeError: results is not iterable
    at FilterIdEventSubscriber._emitResults (/home/utkarsh/Sector7/node_modules/ethers/lib.commonjs/providers/subscriber-filterid.js:158:30)
    at #poll (/home/utkarsh/Sector7/node_modules/ethers/lib.commonjs/providers/subscriber-filterid.js:91:24)
    at process.processTicksAndRejections (node:internal/process/task_queues:95:5)
@TODO TypeError: results is not iterable
    at FilterIdEventSubscriber._emitResults (/home/utkarsh/Sector7/node_modules/ethers/lib.commonjs/providers/subscriber-filterid.js:158:30)
    at #poll (/home/utkarsh/Sector7/node_modules/ethers/lib.commonjs/providers/subscriber-filterid.js:91:24)
    at process.processTicksAndRejections (node:internal/process/task_queues:95:5)
@TODO TypeError: results is not iterable
    at FilterIdEventSubscriber._emitResults (/home/utkarsh/Sector7/node_modules/ethers/lib.commonjs/providers/subscriber-filterid.js:158:30)
    at #poll (/home/utkarsh/Sector7/node_modules/ethers/lib.commonjs/providers/subscriber-filterid.js:91:24)
    at process.processTicksAndRejections (node:internal/process/task_queues:95:5)
@TODO TypeError: results is not iterable
    at FilterIdEventSubscriber._emitResults (/home/utkarsh/Sector7/node_modules/ethers/lib.commonjs/providers/subscriber-filterid.js:158:30)
    at #poll (/home/utkarsh/Sector7/node_modules/ethers/lib.commonjs/providers/subscriber-filterid.js:91:24)
    at process.processTicksAndRejections (node:internal/process/task_queues:95:5)
@TODO TypeError: results is not iterable
    at FilterIdEventSubscriber._emitResults (/home/utkarsh/Sector7/node_modules/ethers/lib.commonjs/providers/subscriber-filterid.js:158:30)
    at #poll (/home/utkarsh/Sector7/node_modules/ethers/lib.commonjs/providers/subscriber-filterid.js:91:24)
    at process.processTicksAndRejections (node:internal/process/task_queues:95:5)
@TODO TypeError: results is not iterable
    at FilterIdEventSubscriber._emitResults (/home/utkarsh/Sector7/node_modules/ethers/lib.commonjs/providers/subscriber-filterid.js:158:30)
    at #poll (/home/utkarsh/Sector7/node_modules/ethers/lib.commonjs/providers/subscriber-filterid.js:91:24)
    at process.processTicksAndRejections (node:internal/process/task_queues:95:5)
@TODO TypeError: results is not iterable
    at FilterIdEventSubscriber._emitResults (/home/utkarsh/Sector7/node_modules/ethers/lib.commonjs/providers/subscriber-filterid.js:158:30)
    at #poll (/home/utkarsh/Sector7/node_modules/ethers/lib.commonjs/providers/subscriber-filterid.js:91:24)
    at process.processTicksAndRejections (node:internal/process/task_queues:95:5)
@TODO TypeError: results is not iterable
    at FilterIdEventSubscriber._emitResults (/home/utkarsh/Sector7/node_modules/ethers/lib.commonjs/providers/subscriber-filterid.js:158:30)
    at #poll (/home/utkarsh/Sector7/node_modules/ethers/lib.commonjs/providers/subscriber-filterid.js:91:24)
    at process.processTicksAndRejections (node:internal/process/task_queues:95:5)
@TODO TypeError: results is not iterable
    at FilterIdEventSubscriber._emitResults (/home/utkarsh/Sector7/node_modules/ethers/lib.commonjs/providers/subscriber-filterid.js:158:30)
    at #poll (/home/utkarsh/Sector7/node_modules/ethers/lib.commonjs/providers/subscriber-filterid.js:91:24)
    at process.processTicksAndRejections (node:internal/process/task_queues:95:5)
@TODO TypeError: results is not iterable
    at FilterIdEventSubscriber._emitResults (/home/utkarsh/Sector7/node_modules/ethers/lib.commonjs/providers/subscriber-filterid.js:158:30)
    at #poll (/home/utkarsh/Sector7/node_modules/ethers/lib.commonjs/providers/subscriber-filterid.js:91:24)
    at process.processTicksAndRejections (node:internal/process/task_queues:95:5)
@TODO TypeError: results is not iterable
    at FilterIdEventSubscriber._emitResults (/home/utkarsh/Sector7/node_modules/ethers/lib.commonjs/providers/subscriber-filterid.js:158:30)
    at #poll (/home/utkarsh/Sector7/node_modules/ethers/lib.commonjs/providers/subscriber-filterid.js:91:24)
    at process.processTicksAndRejections (node:internal/process/task_queues:95:5)
@TODO TypeError: results is not iterable
    at FilterIdEventSubscriber._emitResults (/home/utkarsh/Sector7/node_modules/ethers/lib.commonjs/providers/subscriber-filterid.js:158:30)
    at #poll (/home/utkarsh/Sector7/node_modules/ethers/lib.commonjs/providers/subscriber-filterid.js:91:24)
    at process.processTicksAndRejections (node:internal/process/task_queues:95:5)
@TODO TypeError: results is not iterable
    at FilterIdEventSubscriber._emitResults (/home/utkarsh/Sector7/node_modules/ethers/lib.commonjs/providers/subscriber-filterid.js:158:30)
    at #poll (/home/utkarsh/Sector7/node_modules/ethers/lib.commonjs/providers/subscriber-filterid.js:91:24)
    at process.processTicksAndRejections (node:internal/process/task_queues:95:5)
@TODO TypeError: results is not iterable
    at FilterIdEventSubscriber._emitResults (/home/utkarsh/Sector7/node_modules/ethers/lib.commonjs/providers/subscriber-filterid.js:158:30)
    at #poll (/home/utkarsh/Sector7/node_modules/ethers/lib.commonjs/providers/subscriber-filterid.js:91:24)
    at process.processTicksAndRejections (node:internal/process/task_queues:95:5)
@TODO TypeError: results is not iterable
    at FilterIdEventSubscriber._emitResults (/home/utkarsh/Sector7/node_modules/ethers/lib.commonjs/providers/subscriber-filterid.js:158:30)
    at #poll (/home/utkarsh/Sector7/node_modules/ethers/lib.commonjs/providers/subscriber-filterid.js:91:24)
    at process.processTicksAndRejections (node:internal/process/task_queues:95:5)
@TODO TypeError: results is not iterable
    at FilterIdEventSubscriber._emitResults (/home/utkarsh/Sector7/node_modules/ethers/lib.commonjs/providers/subscriber-filterid.js:158:30)
    at #poll (/home/utkarsh/Sector7/node_modules/ethers/lib.commonjs/providers/subscriber-filterid.js:91:24)
    at process.processTicksAndRejections (node:internal/process/task_queues:95:5)
@TODO TypeError: results is not iterable
    at FilterIdEventSubscriber._emitResults (/home/utkarsh/Sector7/node_modules/ethers/lib.commonjs/providers/subscriber-filterid.js:158:30)
    at #poll (/home/utkarsh/Sector7/node_modules/ethers/lib.commonjs/providers/subscriber-filterid.js:91:24)
    at process.processTicksAndRejections (node:internal/process/task_queues:95:5)
@TODO TypeError: results is not iterable
    at FilterIdEventSubscriber._emitResults (/home/utkarsh/Sector7/node_modules/ethers/lib.commonjs/providers/subscriber-filterid.js:158:30)
    at #poll (/home/utkarsh/Sector7/node_modules/ethers/lib.commonjs/providers/subscriber-filterid.js:91:24)
    at process.processTicksAndRejections (node:internal/process/task_queues:95:5)
@TODO TypeError: results is not iterable
    at FilterIdEventSubscriber._emitResults (/home/utkarsh/Sector7/node_modules/ethers/lib.commonjs/providers/subscriber-filterid.js:158:30)
    at #poll (/home/utkarsh/Sector7/node_modules/ethers/lib.commonjs/providers/subscriber-filterid.js:91:24)
    at process.processTicksAndRejections (node:internal/process/task_queues:95:5)
@TODO TypeError: results is not iterable
    at FilterIdEventSubscriber._emitResults (/home/utkarsh/Sector7/node_modules/ethers/lib.commonjs/providers/subscriber-filterid.js:158:30)
    at #poll (/home/utkarsh/Sector7/node_modules/ethers/lib.commonjs/providers/subscriber-filterid.js:91:24)
    at process.processTicksAndRejections (node:internal/process/task_queues:95:5)
@TODO TypeError: results is not iterable
    at FilterIdEventSubscriber._emitResults (/home/utkarsh/Sector7/node_modules/ethers/lib.commonjs/providers/subscriber-filterid.js:158:30)
    at #poll (/home/utkarsh/Sector7/node_modules/ethers/lib.commonjs/providers/subscriber-filterid.js:91:24)
    at process.processTicksAndRejections (node:internal/process/task_queues:95:5)
@TODO TypeError: results is not iterable
    at FilterIdEventSubscriber._emitResults (/home/utkarsh/Sector7/node_modules/ethers/lib.commonjs/providers/subscriber-filterid.js:158:30)
    at #poll (/home/utkarsh/Sector7/node_modules/ethers/lib.commonjs/providers/subscriber-filterid.js:91:24)
    at process.processTicksAndRejections (node:internal/process/task_queues:95:5)
@TODO TypeError: results is not iterable
    at FilterIdEventSubscriber._emitResults (/home/utkarsh/Sector7/node_modules/ethers/lib.commonjs/providers/subscriber-filterid.js:158:30)
    at #poll (/home/utkarsh/Sector7/node_modules/ethers/lib.commonjs/providers/subscriber-filterid.js:91:24)
    at process.processTicksAndRejections (node:internal/process/task_queues:95:5)
@TODO TypeError: results is not iterable
    at FilterIdEventSubscriber._emitResults (/home/utkarsh/Sector7/node_modules/ethers/lib.commonjs/providers/subscriber-filterid.js:158:30)
    at #poll (/home/utkarsh/Sector7/node_modules/ethers/lib.commonjs/providers/subscriber-filterid.js:91:24)
    at process.processTicksAndRejections (node:internal/process/task_queues:95:5)
@TODO TypeError: results is not iterable
    at FilterIdEventSubscriber._emitResults (/home/utkarsh/Sector7/node_modules/ethers/lib.commonjs/providers/subscriber-filterid.js:158:30)
    at #poll (/home/utkarsh/Sector7/node_modules/ethers/lib.commonjs/providers/subscriber-filterid.js:91:24)
    at process.processTicksAndRejections (node:internal/process/task_queues:95:5)
@TODO TypeError: results is not iterable
    at FilterIdEventSubscriber._emitResults (/home/utkarsh/Sector7/node_modules/ethers/lib.commonjs/providers/subscriber-filterid.js:158:30)
    at #poll (/home/utkarsh/Sector7/node_modules/ethers/lib.commonjs/providers/subscriber-filterid.js:91:24)
    at process.processTicksAndRejections (node:internal/process/task_queues:95:5)
@TODO TypeError: results is not iterable
    at FilterIdEventSubscriber._emitResults (/home/utkarsh/Sector7/node_modules/ethers/lib.commonjs/providers/subscriber-filterid.js:158:30)
    at #poll (/home/utkarsh/Sector7/node_modules/ethers/lib.commonjs/providers/subscriber-filterid.js:91:24)
    at process.processTicksAndRejections (node:internal/process/task_queues:95:5)
@TODO TypeError: results is not iterable
    at FilterIdEventSubscriber._emitResults (/home/utkarsh/Sector7/node_modules/ethers/lib.commonjs/providers/subscriber-filterid.js:158:30)
    at #poll (/home/utkarsh/Sector7/node_modules/ethers/lib.commonjs/providers/subscriber-filterid.js:91:24)
    at process.processTicksAndRejections (node:internal/process/task_queues:95:5)
@TODO TypeError: results is not iterable
    at FilterIdEventSubscriber._emitResults (/home/utkarsh/Sector7/node_modules/ethers/lib.commonjs/providers/subscriber-filterid.js:158:30)
    at #poll (/home/utkarsh/Sector7/node_modules/ethers/lib.commonjs/providers/subscriber-filterid.js:91:24)
    at process.processTicksAndRejections (node:internal/process/task_queues:95:5)
@TODO TypeError: results is not iterable
    at FilterIdEventSubscriber._emitResults (/home/utkarsh/Sector7/node_modules/ethers/lib.commonjs/providers/subscriber-filterid.js:158:30)
    at #poll (/home/utkarsh/Sector7/node_modules/ethers/lib.commonjs/providers/subscriber-filterid.js:91:24)
    at process.processTicksAndRejections (node:internal/process/task_queues:95:5)
@TODO TypeError: results is not iterable
    at FilterIdEventSubscriber._emitResults (/home/utkarsh/Sector7/node_modules/ethers/lib.commonjs/providers/subscriber-filterid.js:158:30)
    at #poll (/home/utkarsh/Sector7/node_modules/ethers/lib.commonjs/providers/subscriber-filterid.js:91:24)
    at process.processTicksAndRejections (node:internal/process/task_queues:95:5)
@TODO TypeError: results is not iterable
    at FilterIdEventSubscriber._emitResults (/home/utkarsh/Sector7/node_modules/ethers/lib.commonjs/providers/subscriber-filterid.js:158:30)
    at #poll (/home/utkarsh/Sector7/node_modules/ethers/lib.commonjs/providers/subscriber-filterid.js:91:24)
    at process.processTicksAndRejections (node:internal/process/task_queues:95:5)
@TODO TypeError: results is not iterable
    at FilterIdEventSubscriber._emitResults (/home/utkarsh/Sector7/node_modules/ethers/lib.commonjs/providers/subscriber-filterid.js:158:30)
    at #poll (/home/utkarsh/Sector7/node_modules/ethers/lib.commonjs/providers/subscriber-filterid.js:91:24)
    at process.processTicksAndRejections (node:internal/process/task_queues:95:5)
@TODO TypeError: results is not iterable
    at FilterIdEventSubscriber._emitResults (/home/utkarsh/Sector7/node_modules/ethers/lib.commonjs/providers/subscriber-filterid.js:158:30)
    at #poll (/home/utkarsh/Sector7/node_modules/ethers/lib.commonjs/providers/subscriber-filterid.js:91:24)
    at process.processTicksAndRejections (node:internal/process/task_queues:95:5)
@TODO TypeError: results is not iterable
    at FilterIdEventSubscriber._emitResults (/home/utkarsh/Sector7/node_modules/ethers/lib.commonjs/providers/subscriber-filterid.js:158:30)
    at #poll (/home/utkarsh/Sector7/node_modules/ethers/lib.commonjs/providers/subscriber-filterid.js:91:24)
    at process.processTicksAndRejections (node:internal/process/task_queues:95:5)
@TODO TypeError: results is not iterable
    at FilterIdEventSubscriber._emitResults (/home/utkarsh/Sector7/node_modules/ethers/lib.commonjs/providers/subscriber-filterid.js:158:30)
    at #poll (/home/utkarsh/Sector7/node_modules/ethers/lib.commonjs/providers/subscriber-filterid.js:91:24)
    at process.processTicksAndRejections (node:internal/process/task_queues:95:5)
@TODO TypeError: results is not iterable
    at FilterIdEventSubscriber._emitResults (/home/utkarsh/Sector7/node_modules/ethers/lib.commonjs/providers/subscriber-filterid.js:158:30)
    at #poll (/home/utkarsh/Sector7/node_modules/ethers/lib.commonjs/providers/subscriber-filterid.js:91:24)
    at process.processTicksAndRejections (node:internal/process/task_queues:95:5)
@TODO TypeError: results is not iterable
    at FilterIdEventSubscriber._emitResults (/home/utkarsh/Sector7/node_modules/ethers/lib.commonjs/providers/subscriber-filterid.js:158:30)
    at #poll (/home/utkarsh/Sector7/node_modules/ethers/lib.commonjs/providers/subscriber-filterid.js:91:24)
    at process.processTicksAndRejections (node:internal/process/task_queues:95:5)
@TODO TypeError: results is not iterable
    at FilterIdEventSubscriber._emitResults (/home/utkarsh/Sector7/node_modules/ethers/lib.commonjs/providers/subscriber-filterid.js:158:30)
    at #poll (/home/utkarsh/Sector7/node_modules/ethers/lib.commonjs/providers/subscriber-filterid.js:91:24)
    at process.processTicksAndRejections (node:internal/process/task_queues:95:5)
@TODO TypeError: results is not iterable
    at FilterIdEventSubscriber._emitResults (/home/utkarsh/Sector7/node_modules/ethers/lib.commonjs/providers/subscriber-filterid.js:158:30)
    at #poll (/home/utkarsh/Sector7/node_modules/ethers/lib.commonjs/providers/subscriber-filterid.js:91:24)
    at process.processTicksAndRejections (node:internal/process/task_queues:95:5)
@TODO TypeError: results is not iterable
    at FilterIdEventSubscriber._emitResults (/home/utkarsh/Sector7/node_modules/ethers/lib.commonjs/providers/subscriber-filterid.js:158:30)
    at #poll (/home/utkarsh/Sector7/node_modules/ethers/lib.commonjs/providers/subscriber-filterid.js:91:24)
    at process.processTicksAndRejections (node:internal/process/task_queues:95:5)
@TODO TypeError: results is not iterable
    at FilterIdEventSubscriber._emitResults (/home/utkarsh/Sector7/node_modules/ethers/lib.commonjs/providers/subscriber-filterid.js:158:30)
    at #poll (/home/utkarsh/Sector7/node_modules/ethers/lib.commonjs/providers/subscriber-filterid.js:91:24)
    at process.processTicksAndRejections (node:internal/process/task_queues:95:5)
@TODO TypeError: results is not iterable
    at FilterIdEventSubscriber._emitResults (/home/utkarsh/Sector7/node_modules/ethers/lib.commonjs/providers/subscriber-filterid.js:158:30)
    at #poll (/home/utkarsh/Sector7/node_modules/ethers/lib.commonjs/providers/subscriber-filterid.js:91:24)
    at process.processTicksAndRejections (node:internal/process/task_queues:95:5)
@TODO TypeError: results is not iterable
    at FilterIdEventSubscriber._emitResults (/home/utkarsh/Sector7/node_modules/ethers/lib.commonjs/providers/subscriber-filterid.js:158:30)
    at #poll (/home/utkarsh/Sector7/node_modules/ethers/lib.commonjs/providers/subscriber-filterid.js:91:24)
    at process.processTicksAndRejections (node:internal/process/task_queues:95:5)
@TODO TypeError: results is not iterable
    at FilterIdEventSubscriber._emitResults (/home/utkarsh/Sector7/node_modules/ethers/lib.commonjs/providers/subscriber-filterid.js:158:30)
    at #poll (/home/utkarsh/Sector7/node_modules/ethers/lib.commonjs/providers/subscriber-filterid.js:91:24)
    at process.processTicksAndRejections (node:internal/process/task_queues:95:5)
@TODO TypeError: results is not iterable
    at FilterIdEventSubscriber._emitResults (/home/utkarsh/Sector7/node_modules/ethers/lib.commonjs/providers/subscriber-filterid.js:158:30)
    at #poll (/home/utkarsh/Sector7/node_modules/ethers/lib.commonjs/providers/subscriber-filterid.js:91:24)
    at process.processTicksAndRejections (node:internal/process/task_queues:95:5)
@TODO TypeError: results is not iterable
    at FilterIdEventSubscriber._emitResults (/home/utkarsh/Sector7/node_modules/ethers/lib.commonjs/providers/subscriber-filterid.js:158:30)
    at #poll (/home/utkarsh/Sector7/node_modules/ethers/lib.commonjs/providers/subscriber-filterid.js:91:24)
    at process.processTicksAndRejections (node:internal/process/task_queues:95:5)
@TODO TypeError: results is not iterable
    at FilterIdEventSubscriber._emitResults (/home/utkarsh/Sector7/node_modules/ethers/lib.commonjs/providers/subscriber-filterid.js:158:30)
    at #poll (/home/utkarsh/Sector7/node_modules/ethers/lib.commonjs/providers/subscriber-filterid.js:91:24)
    at process.processTicksAndRejections (node:internal/process/task_queues:95:5)
@TODO TypeError: results is not iterable
    at FilterIdEventSubscriber._emitResults (/home/utkarsh/Sector7/node_modules/ethers/lib.commonjs/providers/subscriber-filterid.js:158:30)
    at #poll (/home/utkarsh/Sector7/node_modules/ethers/lib.commonjs/providers/subscriber-filterid.js:91:24)
    at process.processTicksAndRejections (node:internal/process/task_queues:95:5)
@TODO TypeError: results is not iterable
    at FilterIdEventSubscriber._emitResults (/home/utkarsh/Sector7/node_modules/ethers/lib.commonjs/providers/subscriber-filterid.js:158:30)
    at #poll (/home/utkarsh/Sector7/node_modules/ethers/lib.commonjs/providers/subscriber-filterid.js:91:24)
    at process.processTicksAndRejections (node:internal/process/task_queues:95:5)
@TODO TypeError: results is not iterable
    at FilterIdEventSubscriber._emitResults (/home/utkarsh/Sector7/node_modules/ethers/lib.commonjs/providers/subscriber-filterid.js:158:30)
    at #poll (/home/utkarsh/Sector7/node_modules/ethers/lib.commonjs/providers/subscriber-filterid.js:91:24)
    at process.processTicksAndRejections (node:internal/process/task_queues:95:5)
@TODO TypeError: results is not iterable
    at FilterIdEventSubscriber._emitResults (/home/utkarsh/Sector7/node_modules/ethers/lib.commonjs/providers/subscriber-filterid.js:158:30)
    at #poll (/home/utkarsh/Sector7/node_modules/ethers/lib.commonjs/providers/subscriber-filterid.js:91:24)
    at process.processTicksAndRejections (node:internal/process/task_queues:95:5)
@TODO TypeError: results is not iterable
    at FilterIdEventSubscriber._emitResults (/home/utkarsh/Sector7/node_modules/ethers/lib.commonjs/providers/subscriber-filterid.js:158:30)
    at #poll (/home/utkarsh/Sector7/node_modules/ethers/lib.commonjs/providers/subscriber-filterid.js:91:24)
    at process.processTicksAndRejections (node:internal/process/task_queues:95:5)
@TODO TypeError: results is not iterable
    at FilterIdEventSubscriber._emitResults (/home/utkarsh/Sector7/node_modules/ethers/lib.commonjs/providers/subscriber-filterid.js:158:30)
    at #poll (/home/utkarsh/Sector7/node_modules/ethers/lib.commonjs/providers/subscriber-filterid.js:91:24)
    at process.processTicksAndRejections (node:internal/process/task_queues:95:5)
@TODO TypeError: results is not iterable
    at FilterIdEventSubscriber._emitResults (/home/utkarsh/Sector7/node_modules/ethers/lib.commonjs/providers/subscriber-filterid.js:158:30)
    at #poll (/home/utkarsh/Sector7/node_modules/ethers/lib.commonjs/providers/subscriber-filterid.js:91:24)
    at process.processTicksAndRejections (node:internal/process/task_queues:95:5)
@TODO TypeError: results is not iterable
    at FilterIdEventSubscriber._emitResults (/home/utkarsh/Sector7/node_modules/ethers/lib.commonjs/providers/subscriber-filterid.js:158:30)
    at #poll (/home/utkarsh/Sector7/node_modules/ethers/lib.commonjs/providers/subscriber-filterid.js:91:24)
    at process.processTicksAndRejections (node:internal/process/task_queues:95:5)
@TODO TypeError: results is not iterable
    at FilterIdEventSubscriber._emitResults (/home/utkarsh/Sector7/node_modules/ethers/lib.commonjs/providers/subscriber-filterid.js:158:30)
    at #poll (/home/utkarsh/Sector7/node_modules/ethers/lib.commonjs/providers/subscriber-filterid.js:91:24)
    at process.processTicksAndRejections (node:internal/process/task_queues:95:5)
@TODO TypeError: results is not iterable
    at FilterIdEventSubscriber._emitResults (/home/utkarsh/Sector7/node_modules/ethers/lib.commonjs/providers/subscriber-filterid.js:158:30)
    at #poll (/home/utkarsh/Sector7/node_modules/ethers/lib.commonjs/providers/subscriber-filterid.js:91:24)
    at process.processTicksAndRejections (node:internal/process/task_queues:95:5)
@TODO TypeError: results is not iterable
    at FilterIdEventSubscriber._emitResults (/home/utkarsh/Sector7/node_modules/ethers/lib.commonjs/providers/subscriber-filterid.js:158:30)
    at #poll (/home/utkarsh/Sector7/node_modules/ethers/lib.commonjs/providers/subscriber-filterid.js:91:24)
    at process.processTicksAndRejections (node:internal/process/task_queues:95:5)
@TODO TypeError: results is not iterable
    at FilterIdEventSubscriber._emitResults (/home/utkarsh/Sector7/node_modules/ethers/lib.commonjs/providers/subscriber-filterid.js:158:30)
    at #poll (/home/utkarsh/Sector7/node_modules/ethers/lib.commonjs/providers/subscriber-filterid.js:91:24)
    at process.processTicksAndRejections (node:internal/process/task_queues:95:5)
@TODO TypeError: results is not iterable
    at FilterIdEventSubscriber._emitResults (/home/utkarsh/Sector7/node_modules/ethers/lib.commonjs/providers/subscriber-filterid.js:158:30)
    at #poll (/home/utkarsh/Sector7/node_modules/ethers/lib.commonjs/providers/subscriber-filterid.js:91:24)
    at process.processTicksAndRejections (node:internal/process/task_queues:95:5)
@TODO TypeError: results is not iterable
    at FilterIdEventSubscriber._emitResults (/home/utkarsh/Sector7/node_modules/ethers/lib.commonjs/providers/subscriber-filterid.js:158:30)
    at #poll (/home/utkarsh/Sector7/node_modules/ethers/lib.commonjs/providers/subscriber-filterid.js:91:24)
    at process.processTicksAndRejections (node:internal/process/task_queues:95:5)
@TODO TypeError: results is not iterable
    at FilterIdEventSubscriber._emitResults (/home/utkarsh/Sector7/node_modules/ethers/lib.commonjs/providers/subscriber-filterid.js:158:30)
    at #poll (/home/utkarsh/Sector7/node_modules/ethers/lib.commonjs/providers/subscriber-filterid.js:91:24)
    at process.processTicksAndRejections (node:internal/process/task_queues:95:5)
@TODO TypeError: results is not iterable
    at FilterIdEventSubscriber._emitResults (/home/utkarsh/Sector7/node_modules/ethers/lib.commonjs/providers/subscriber-filterid.js:158:30)
    at #poll (/home/utkarsh/Sector7/node_modules/ethers/lib.commonjs/providers/subscriber-filterid.js:91:24)
    at process.processTicksAndRejections (node:internal/process/task_queues:95:5)
@TODO TypeError: results is not iterable
    at FilterIdEventSubscriber._emitResults (/home/utkarsh/Sector7/node_modules/ethers/lib.commonjs/providers/subscriber-filterid.js:158:30)
    at #poll (/home/utkarsh/Sector7/node_modules/ethers/lib.commonjs/providers/subscriber-filterid.js:91:24)
    at process.processTicksAndRejections (node:internal/process/task_queues:95:5)
@TODO TypeError: results is not iterable
    at FilterIdEventSubscriber._emitResults (/home/utkarsh/Sector7/node_modules/ethers/lib.commonjs/providers/subscriber-filterid.js:158:30)
    at #poll (/home/utkarsh/Sector7/node_modules/ethers/lib.commonjs/providers/subscriber-filterid.js:91:24)
    at process.processTicksAndRejections (node:internal/process/task_queues:95:5)
@TODO TypeError: results is not iterable
    at FilterIdEventSubscriber._emitResults (/home/utkarsh/Sector7/node_modules/ethers/lib.commonjs/providers/subscriber-filterid.js:158:30)
    at #poll (/home/utkarsh/Sector7/node_modules/ethers/lib.commonjs/providers/subscriber-filterid.js:91:24)
    at process.processTicksAndRejections (node:internal/process/task_queues:95:5)
@TODO TypeError: results is not iterable
    at FilterIdEventSubscriber._emitResults (/home/utkarsh/Sector7/node_modules/ethers/lib.commonjs/providers/subscriber-filterid.js:158:30)
    at #poll (/home/utkarsh/Sector7/node_modules/ethers/lib.commonjs/providers/subscriber-filterid.js:91:24)
    at process.processTicksAndRejections (node:internal/process/task_queues:95:5)
@TODO TypeError: results is not iterable
    at FilterIdEventSubscriber._emitResults (/home/utkarsh/Sector7/node_modules/ethers/lib.commonjs/providers/subscriber-filterid.js:158:30)
    at #poll (/home/utkarsh/Sector7/node_modules/ethers/lib.commonjs/providers/subscriber-filterid.js:91:24)
    at process.processTicksAndRejections (node:internal/process/task_queues:95:5)
@TODO TypeError: results is not iterable
    at FilterIdEventSubscriber._emitResults (/home/utkarsh/Sector7/node_modules/ethers/lib.commonjs/providers/subscriber-filterid.js:158:30)
    at #poll (/home/utkarsh/Sector7/node_modules/ethers/lib.commonjs/providers/subscriber-filterid.js:91:24)
    at process.processTicksAndRejections (node:internal/process/task_queues:95:5)
@TODO TypeError: results is not iterable
    at FilterIdEventSubscriber._emitResults (/home/utkarsh/Sector7/node_modules/ethers/lib.commonjs/providers/subscriber-filterid.js:158:30)
    at #poll (/home/utkarsh/Sector7/node_modules/ethers/lib.commonjs/providers/subscriber-filterid.js:91:24)
    at process.processTicksAndRejections (node:internal/process/task_queues:95:5)
@TODO TypeError: results is not iterable
    at FilterIdEventSubscriber._emitResults (/home/utkarsh/Sector7/node_modules/ethers/lib.commonjs/providers/subscriber-filterid.js:158:30)
    at #poll (/home/utkarsh/Sector7/node_modules/ethers/lib.commonjs/providers/subscriber-filterid.js:91:24)
    at process.processTicksAndRejections (node:internal/process/task_queues:95:5)
@TODO TypeError: results is not iterable
    at FilterIdEventSubscriber._emitResults (/home/utkarsh/Sector7/node_modules/ethers/lib.commonjs/providers/subscriber-filterid.js:158:30)
    at #poll (/home/utkarsh/Sector7/node_modules/ethers/lib.commonjs/providers/subscriber-filterid.js:91:24)
    at process.processTicksAndRejections (node:internal/process/task_queues:95:5)
@TODO TypeError: results is not iterable
    at FilterIdEventSubscriber._emitResults (/home/utkarsh/Sector7/node_modules/ethers/lib.commonjs/providers/subscriber-filterid.js:158:30)
    at #poll (/home/utkarsh/Sector7/node_modules/ethers/lib.commonjs/providers/subscriber-filterid.js:91:24)
    at process.processTicksAndRejections (node:internal/process/task_queues:95:5)
@TODO TypeError: results is not iterable
    at FilterIdEventSubscriber._emitResults (/home/utkarsh/Sector7/node_modules/ethers/lib.commonjs/providers/subscriber-filterid.js:158:30)
    at #poll (/home/utkarsh/Sector7/node_modules/ethers/lib.commonjs/providers/subscriber-filterid.js:91:24)
    at process.processTicksAndRejections (node:internal/process/task_queues:95:5)
@TODO TypeError: results is not iterable
    at FilterIdEventSubscriber._emitResults (/home/utkarsh/Sector7/node_modules/ethers/lib.commonjs/providers/subscriber-filterid.js:158:30)
    at #poll (/home/utkarsh/Sector7/node_modules/ethers/lib.commonjs/providers/subscriber-filterid.js:91:24)
    at process.processTicksAndRejections (node:internal/process/task_queues:95:5)
@TODO TypeError: results is not iterable
    at FilterIdEventSubscriber._emitResults (/home/utkarsh/Sector7/node_modules/ethers/lib.commonjs/providers/subscriber-filterid.js:158:30)
    at #poll (/home/utkarsh/Sector7/node_modules/ethers/lib.commonjs/providers/subscriber-filterid.js:91:24)
    at process.processTicksAndRejections (node:internal/process/task_queues:95:5)
@TODO TypeError: results is not iterable
    at FilterIdEventSubscriber._emitResults (/home/utkarsh/Sector7/node_modules/ethers/lib.commonjs/providers/subscriber-filterid.js:158:30)
    at #poll (/home/utkarsh/Sector7/node_modules/ethers/lib.commonjs/providers/subscriber-filterid.js:91:24)
    at process.processTicksAndRejections (node:internal/process/task_queues:95:5)
@TODO TypeError: results is not iterable
    at FilterIdEventSubscriber._emitResults (/home/utkarsh/Sector7/node_modules/ethers/lib.commonjs/providers/subscriber-filterid.js:158:30)
    at #poll (/home/utkarsh/Sector7/node_modules/ethers/lib.commonjs/providers/subscriber-filterid.js:91:24)
    at process.processTicksAndRejections (node:internal/process/task_queues:95:5)
@TODO TypeError: results is not iterable
    at FilterIdEventSubscriber._emitResults (/home/utkarsh/Sector7/node_modules/ethers/lib.commonjs/providers/subscriber-filterid.js:158:30)
    at #poll (/home/utkarsh/Sector7/node_modules/ethers/lib.commonjs/providers/subscriber-filterid.js:91:24)
    at process.processTicksAndRejections (node:internal/process/task_queues:95:5)
@TODO TypeError: results is not iterable
    at FilterIdEventSubscriber._emitResults (/home/utkarsh/Sector7/node_modules/ethers/lib.commonjs/providers/subscriber-filterid.js:158:30)
    at #poll (/home/utkarsh/Sector7/node_modules/ethers/lib.commonjs/providers/subscriber-filterid.js:91:24)
    at process.processTicksAndRejections (node:internal/process/task_queues:95:5)
@TODO TypeError: results is not iterable
    at FilterIdEventSubscriber._emitResults (/home/utkarsh/Sector7/node_modules/ethers/lib.commonjs/providers/subscriber-filterid.js:158:30)
    at #poll (/home/utkarsh/Sector7/node_modules/ethers/lib.commonjs/providers/subscriber-filterid.js:91:24)
    at process.processTicksAndRejections (node:internal/process/task_queues:95:5)
@TODO TypeError: results is not iterable
    at FilterIdEventSubscriber._emitResults (/home/utkarsh/Sector7/node_modules/ethers/lib.commonjs/providers/subscriber-filterid.js:158:30)
    at #poll (/home/utkarsh/Sector7/node_modules/ethers/lib.commonjs/providers/subscriber-filterid.js:91:24)
    at process.processTicksAndRejections (node:internal/process/task_queues:95:5)
@TODO TypeError: results is not iterable
    at FilterIdEventSubscriber._emitResults (/home/utkarsh/Sector7/node_modules/ethers/lib.commonjs/providers/subscriber-filterid.js:158:30)
    at #poll (/home/utkarsh/Sector7/node_modules/ethers/lib.commonjs/providers/subscriber-filterid.js:91:24)
    at process.processTicksAndRejections (node:internal/process/task_queues:95:5)
@TODO TypeError: results is not iterable
    at FilterIdEventSubscriber._emitResults (/home/utkarsh/Sector7/node_modules/ethers/lib.commonjs/providers/subscriber-filterid.js:158:30)
    at #poll (/home/utkarsh/Sector7/node_modules/ethers/lib.commonjs/providers/subscriber-filterid.js:91:24)
    at process.processTicksAndRejections (node:internal/process/task_queues:95:5)
@TODO TypeError: results is not iterable
    at FilterIdEventSubscriber._emitResults (/home/utkarsh/Sector7/node_modules/ethers/lib.commonjs/providers/subscriber-filterid.js:158:30)
    at #poll (/home/utkarsh/Sector7/node_modules/ethers/lib.commonjs/providers/subscriber-filterid.js:91:24)
    at process.processTicksAndRejections (node:internal/process/task_queues:95:5)
@TODO TypeError: results is not iterable
    at FilterIdEventSubscriber._emitResults (/home/utkarsh/Sector7/node_modules/ethers/lib.commonjs/providers/subscriber-filterid.js:158:30)
    at #poll (/home/utkarsh/Sector7/node_modules/ethers/lib.commonjs/providers/subscriber-filterid.js:91:24)
    at process.processTicksAndRejections (node:internal/process/task_queues:95:5)
@TODO TypeError: results is not iterable
    at FilterIdEventSubscriber._emitResults (/home/utkarsh/Sector7/node_modules/ethers/lib.commonjs/providers/subscriber-filterid.js:158:30)
    at #poll (/home/utkarsh/Sector7/node_modules/ethers/lib.commonjs/providers/subscriber-filterid.js:91:24)
    at process.processTicksAndRejections (node:internal/process/task_queues:95:5)
@TODO TypeError: results is not iterable
    at FilterIdEventSubscriber._emitResults (/home/utkarsh/Sector7/node_modules/ethers/lib.commonjs/providers/subscriber-filterid.js:158:30)
    at #poll (/home/utkarsh/Sector7/node_modules/ethers/lib.commonjs/providers/subscriber-filterid.js:91:24)
    at process.processTicksAndRejections (node:internal/process/task_queues:95:5)
@TODO TypeError: results is not iterable
    at FilterIdEventSubscriber._emitResults (/home/utkarsh/Sector7/node_modules/ethers/lib.commonjs/providers/subscriber-filterid.js:158:30)
    at #poll (/home/utkarsh/Sector7/node_modules/ethers/lib.commonjs/providers/subscriber-filterid.js:91:24)
    at process.processTicksAndRejections (node:internal/process/task_queues:95:5)
@TODO TypeError: results is not iterable
    at FilterIdEventSubscriber._emitResults (/home/utkarsh/Sector7/node_modules/ethers/lib.commonjs/providers/subscriber-filterid.js:158:30)
    at #poll (/home/utkarsh/Sector7/node_modules/ethers/lib.commonjs/providers/subscriber-filterid.js:91:24)
    at process.processTicksAndRejections (node:internal/process/task_queues:95:5)
@TODO TypeError: results is not iterable
    at FilterIdEventSubscriber._emitResults (/home/utkarsh/Sector7/node_modules/ethers/lib.commonjs/providers/subscriber-filterid.js:158:30)
    at #poll (/home/utkarsh/Sector7/node_modules/ethers/lib.commonjs/providers/subscriber-filterid.js:91:24)
    at process.processTicksAndRejections (node:internal/process/task_queues:95:5)
@TODO TypeError: results is not iterable
    at FilterIdEventSubscriber._emitResults (/home/utkarsh/Sector7/node_modules/ethers/lib.commonjs/providers/subscriber-filterid.js:158:30)
    at #poll (/home/utkarsh/Sector7/node_modules/ethers/lib.commonjs/providers/subscriber-filterid.js:91:24)
    at process.processTicksAndRejections (node:internal/process/task_queues:95:5)
@TODO TypeError: results is not iterable
    at FilterIdEventSubscriber._emitResults (/home/utkarsh/Sector7/node_modules/ethers/lib.commonjs/providers/subscriber-filterid.js:158:30)
    at #poll (/home/utkarsh/Sector7/node_modules/ethers/lib.commonjs/providers/subscriber-filterid.js:91:24)
    at process.processTicksAndRejections (node:internal/process/task_queues:95:5)
@TODO TypeError: results is not iterable
    at FilterIdEventSubscriber._emitResults (/home/utkarsh/Sector7/node_modules/ethers/lib.commonjs/providers/subscriber-filterid.js:158:30)
    at #poll (/home/utkarsh/Sector7/node_modules/ethers/lib.commonjs/providers/subscriber-filterid.js:91:24)
    at process.processTicksAndRejections (node:internal/process/task_queues:95:5)
@TODO TypeError: results is not iterable
    at FilterIdEventSubscriber._emitResults (/home/utkarsh/Sector7/node_modules/ethers/lib.commonjs/providers/subscriber-filterid.js:158:30)
    at #poll (/home/utkarsh/Sector7/node_modules/ethers/lib.commonjs/providers/subscriber-filterid.js:91:24)
    at process.processTicksAndRejections (node:internal/process/task_queues:95:5)
@TODO TypeError: results is not iterable
    at FilterIdEventSubscriber._emitResults (/home/utkarsh/Sector7/node_modules/ethers/lib.commonjs/providers/subscriber-filterid.js:158:30)
    at #poll (/home/utkarsh/Sector7/node_modules/ethers/lib.commonjs/providers/subscriber-filterid.js:91:24)
    at process.processTicksAndRejections (node:internal/process/task_queues:95:5)
