nohup: ignoring input

> sector7@1.0.0 start
> node scripts/start-all.js

🚀 Starting TriX Game Platform Services...

📡 Starting Backend API...
📊 Starting Leaderboard Service...
🌐 Starting Frontend Server...

✅ All services started!
🔗 Frontend: http://localhost:8080
📡 Backend API: http://localhost:3000
📊 Leaderboard API: http://localhost:3001

Press Ctrl+C to stop all services

[dotenv@17.2.1] injecting env (8) from .env -- tip: ⚙️  override existing env vars with { override: true }
[dotenv@17.2.1] injecting env (8) from .env -- tip: 📡 observe env with Radar: https://dotenvx.com/radar
🚀 Starting Leaderboard Event Listener...
PlayGame Contract: 0xCf7Ed3AccA5a467e9e704C703E8D87F634fB0Fc9
TokenStore Contract: 0x9fE46736679d2D9a65F0992F2272dE9f3c7fa6e0
✅ Leaderboard service initialized and listening for events...
📊 Leaderboard API listening on port 3001
Health check: http://localhost:3001/health
Leaderboard: http://localhost:3001/leaderboard
Events: http://localhost:3001/events
Stats: http://localhost:3001/stats
🚀 Backend API listening on port 3000
Health check: http://localhost:3000/health
Contracts: http://localhost:3000/contracts
Starting up http-server, serving web

http-server version: 14.1.1

http-server settings: 
CORS: true
Cache: 3600 seconds
Connection Timeout: 120 seconds
Directory Listings: visible
AutoIndex: visible
Serve GZIP Files: false
Serve Brotli Files: false
Default File Extension: none

Available on:
  http://127.0.0.1:8080
  http://192.168.1.4:8080
  http://172.16.0.2:8080
Hit CTRL-C to stop the server

[2025-08-14T04:34:47.785Z]  "GET /" "Mozilla/5.0 (X11; Linux x86_64) AppleWebKit/537.36 (KHTML, like Gecko) Chrome/137.0.0.0 Safari/537.36"
(node:42481) [DEP0066] DeprecationWarning: OutgoingMessage.prototype._headers is deprecated
(Use `node --trace-deprecation ...` to show where the warning was created)
[2025-08-14T04:34:47.836Z]  "GET /.well-known/appspecific/com.chrome.devtools.json" "Mozilla/5.0 (X11; Linux x86_64) AppleWebKit/537.36 (KHTML, like Gecko) Chrome/137.0.0.0 Safari/537.36"
[2025-08-14T04:34:47.839Z]  "GET /.well-known/appspecific/com.chrome.devtools.json" Error (404): "Not found"
[2025-08-14T04:34:50.198Z]  "GET /" "Mozilla/5.0 (X11; Linux x86_64) AppleWebKit/537.36 (KHTML, like Gecko) Chrome/137.0.0.0 Safari/537.36"
[2025-08-14T04:34:50.232Z]  "GET /.well-known/appspecific/com.chrome.devtools.json" "Mozilla/5.0 (X11; Linux x86_64) AppleWebKit/537.36 (KHTML, like Gecko) Chrome/137.0.0.0 Safari/537.36"
[2025-08-14T04:34:50.234Z]  "GET /.well-known/appspecific/com.chrome.devtools.json" Error (404): "Not found"
⚔️ Match Created: 8 between 0xf39Fd6e51aad88F6F4ce6aB8827279cffFb92266 and 0x70997970C51812dc3A010C7d01b50e0d17dc79C8 with stake 1.0 GT
API Error: Error: execution reverted (unknown custom error) (action="estimateGas", data="0xe450d38c000000000000000000000000f39fd6e51aad88f6f4ce6ab8827279cfffb9226600000000000000000000000000000000000000000000000000000000000000000000000000000000000000000000000000000000000000000de0b6b3a7640000", reason=null, transaction={ "data": "0xc0d64a873800000000000000000000000000000000000000000000000000000000000000", "from": "0xf39Fd6e51aad88F6F4ce6aB8827279cffFb92266", "to": "0xCf7Ed3AccA5a467e9e704C703E8D87F634fB0Fc9" }, invocation=null, revert=null, code=CALL_EXCEPTION, version=6.15.0)
    at makeError (/home/utkarsh/Sector7/node_modules/ethers/lib.commonjs/utils/errors.js:137:21)
    at getBuiltinCallException (/home/utkarsh/Sector7/node_modules/ethers/lib.commonjs/abi/abi-coder.js:105:37)
    at AbiCoder.getBuiltinCallException (/home/utkarsh/Sector7/node_modules/ethers/lib.commonjs/abi/abi-coder.js:206:16)
    at JsonRpcProvider.getRpcError (/home/utkarsh/Sector7/node_modules/ethers/lib.commonjs/providers/provider-jsonrpc.js:695:43)
    at /home/utkarsh/Sector7/node_modules/ethers/lib.commonjs/providers/provider-jsonrpc.js:302:45
    at process.processTicksAndRejections (node:internal/process/task_queues:95:5) {
  code: 'CALL_EXCEPTION',
  action: 'estimateGas',
  data: '0xe450d38c000000000000000000000000f39fd6e51aad88f6f4ce6ab8827279cfffb9226600000000000000000000000000000000000000000000000000000000000000000000000000000000000000000000000000000000000000000de0b6b3a7640000',
  reason: null,
  transaction: {
    to: '0xCf7Ed3AccA5a467e9e704C703E8D87F634fB0Fc9',
    data: '0xc0d64a873800000000000000000000000000000000000000000000000000000000000000',
    from: '0xf39Fd6e51aad88F6F4ce6aB8827279cffFb92266'
  },
  invocation: null,
  revert: null,
  shortMessage: 'execution reverted (unknown custom error)',
  info: {
    error: {
      code: -32603,
      message: `Error: VM Exception while processing transaction: reverted with custom error 'ERC20InsufficientBalance("0xf39Fd6e51aad88F6F4ce6aB8827279cffFb92266", 0, 1000000000000000000)'`,
      data: [Object]
    },
    payload: {
      method: 'eth_estimateGas',
      params: [Array],
      id: 26,
      jsonrpc: '2.0'
    }
  }
}
